--- Log opened Tue Aug 29 10:31:08 2017
--- Log closed Tue Aug 29 10:31:08 2017
--- Log opened Thu Aug 31 03:07:52 2017
--- Log closed Thu Aug 31 03:07:53 2017
--- Log opened Sun Sep 03 03:07:53 2017
--- Log closed Sun Sep 03 03:07:54 2017
--- Log opened Thu Sep 07 03:07:59 2017
--- Log closed Thu Sep 07 03:07:59 2017
--- Log opened Mon Nov 13 13:51:25 2017
--- Log closed Mon Nov 13 13:51:26 2017
--- Log opened Mon Nov 13 14:07:45 2017
--- Log closed Mon Nov 13 14:07:46 2017
--- Log opened Tue Nov 14 13:48:50 2017
--- Log closed Tue Nov 14 13:48:51 2017
--- Log opened Thu Nov 16 03:08:10 2017
--- Log closed Thu Nov 16 03:08:11 2017
--- Log opened Thu Nov 16 14:33:30 2017
--- Log closed Thu Nov 16 14:33:31 2017
--- Log opened Thu Nov 16 19:46:05 2017
--- Log closed Thu Nov 16 19:46:06 2017
--- Log opened Fri Nov 17 08:40:08 2017
--- Log closed Fri Nov 17 08:40:09 2017
--- Log opened Fri Nov 17 09:43:55 2017
--- Log closed Fri Nov 17 09:43:56 2017
--- Log opened Tue Dec 05 09:47:26 2017
--- Log closed Tue Dec 05 09:47:27 2017
--- Log opened Tue Dec 05 09:50:19 2017
--- Log closed Tue Dec 05 09:50:20 2017
